----------

Tue Mar 02 2021 09:57:28 GMT+0530 (India Standard Time)

Script /Users/ShrishDeshpande/Fabric1.15.2/a-website/export.sh couldn't be run

----------

Tue Mar 02 2021 09:58:33 GMT+0530 (India Standard Time)

error: cannot run gpg: No such file or directory
error: gpg failed to sign the data
fatal: failed to write commit object


----------

Tue Mar 02 2021 09:58:35 GMT+0530 (India Standard Time)

Everything up-to-date


----------

Tue Mar 02 2021 09:58:46 GMT+0530 (India Standard Time)

error: cannot run gpg: No such file or directory
error: gpg failed to sign the data
fatal: failed to write commit object


----------

Tue Mar 02 2021 09:58:47 GMT+0530 (India Standard Time)

Everything up-to-date


----------

Tue Mar 02 2021 09:59:20 GMT+0530 (India Standard Time)

error: cannot run gpg: No such file or directory
error: gpg failed to sign the data
fatal: failed to write commit object


----------

Tue Mar 02 2021 09:59:22 GMT+0530 (India Standard Time)

Everything up-to-date


----------

Tue Mar 02 2021 09:59:28 GMT+0530 (India Standard Time)

error: cannot run gpg: No such file or directory
error: gpg failed to sign the data
fatal: failed to write commit object


----------

Tue Mar 02 2021 09:59:30 GMT+0530 (India Standard Time)

Everything up-to-date


----------

Tue Mar 02 2021 10:00:26 GMT+0530 (India Standard Time)

error: cannot run gpg: No such file or directory
error: gpg failed to sign the data
fatal: failed to write commit object


----------

Tue Mar 02 2021 10:00:28 GMT+0530 (India Standard Time)

Everything up-to-date


----------

Tue Mar 02 2021 10:01:37 GMT+0530 (India Standard Time)

error: cannot run gpg: No such file or directory


----------

Tue Mar 02 2021 10:01:37 GMT+0530 (India Standard Time)

error: gpg failed to sign the data
fatal: failed to write commit object


----------

Tue Mar 02 2021 10:01:39 GMT+0530 (India Standard Time)

Everything up-to-date


